<?xml version="1.0" encoding="UTF-8"?>
<testng-results ignored="0" total="6" passed="6" failed="0" skipped="0">
  <reporter-output>
  </reporter-output>
  <suite started-at="2023-11-01T23:23:21 IST" name="Surefire suite" finished-at="2023-11-01T23:24:01 IST" duration-ms="40083">
    <groups>
      <group name="cucumber">
        <method signature="AbstractTestNGCucumberTests.runScenario(io.cucumber.testng.PickleWrapper,io.cucumber.testng.FeatureWrapper)[pri:0, instance:testrunner.RunnerTests@6dc17b83]" name="runScenario" class="io.cucumber.testng.AbstractTestNGCucumberTests"/>
      </group> <!-- cucumber -->
    </groups>
    <test started-at="2023-11-01T23:23:21 IST" name="Surefire test" finished-at="2023-11-01T23:24:01 IST" duration-ms="40083">
      <class name="testrunner.RunnerTests">
        <test-method is-config="true" signature="setUpClass(org.testng.ITestContext)[pri:0, instance:testrunner.RunnerTests@6dc17b83]" started-at="2023-11-01T23:23:21 IST" name="setUpClass" finished-at="2023-11-01T23:23:22 IST" duration-ms="585" status="PASS">
          <params>
            <param index="0">
              <value>
                <![CDATA[org.testng.TestRunner@7dd712e8]]>
              </value>
            </param>
          </params>
          <reporter-output>
          </reporter-output>
        </test-method> <!-- setUpClass -->
        <test-method signature="runScenario(io.cucumber.testng.PickleWrapper,io.cucumber.testng.FeatureWrapper)[pri:0, instance:testrunner.RunnerTests@6dc17b83]" started-at="2023-11-01T23:23:22 IST" name="runScenario" description="Runs Cucumber Scenarios" data-provider="scenarios" finished-at="2023-11-01T23:23:38 IST" duration-ms="16017" status="PASS">
          <params>
            <param index="0">
              <value>
                <![CDATA["Login Successful"]]>
              </value>
            </param>
            <param index="1">
              <value>
                <![CDATA["Validation of Login page"]]>
              </value>
            </param>
          </params>
          <reporter-output>
          </reporter-output>
        </test-method> <!-- runScenario -->
        <test-method signature="runScenario(io.cucumber.testng.PickleWrapper,io.cucumber.testng.FeatureWrapper)[pri:0, instance:testrunner.RunnerTests@6dc17b83]" started-at="2023-11-01T23:23:22 IST" name="runScenario" description="Runs Cucumber Scenarios" data-provider="scenarios" finished-at="2023-11-01T23:23:43 IST" duration-ms="20588" status="PASS">
          <params>
            <param index="0">
              <value>
                <![CDATA["Navigate to the CellPhone by Header"]]>
              </value>
            </param>
            <param index="1">
              <value>
                <![CDATA["Validating HomePage"]]>
              </value>
            </param>
          </params>
          <reporter-output>
          </reporter-output>
        </test-method> <!-- runScenario -->
        <test-method signature="runScenario(io.cucumber.testng.PickleWrapper,io.cucumber.testng.FeatureWrapper)[pri:0, instance:testrunner.RunnerTests@6dc17b83]" started-at="2023-11-01T23:23:22 IST" name="runScenario" description="Runs Cucumber Scenarios" data-provider="scenarios" finished-at="2023-11-01T23:23:43 IST" duration-ms="20737" status="PASS">
          <params>
            <param index="0">
              <value>
                <![CDATA["Navigate to the cellphone by Side navbar"]]>
              </value>
            </param>
            <param index="1">
              <value>
                <![CDATA["Validating HomePage"]]>
              </value>
            </param>
          </params>
          <reporter-output>
          </reporter-output>
        </test-method> <!-- runScenario -->
        <test-method signature="runScenario(io.cucumber.testng.PickleWrapper,io.cucumber.testng.FeatureWrapper)[pri:0, instance:testrunner.RunnerTests@6dc17b83]" started-at="2023-11-01T23:23:38 IST" name="runScenario" description="Runs Cucumber Scenarios" data-provider="scenarios" finished-at="2023-11-01T23:23:49 IST" duration-ms="11256" status="PASS">
          <params>
            <param index="0">
              <value>
                <![CDATA["Login failure"]]>
              </value>
            </param>
            <param index="1">
              <value>
                <![CDATA["Validation of Login page"]]>
              </value>
            </param>
          </params>
          <reporter-output>
          </reporter-output>
        </test-method> <!-- runScenario -->
        <test-method signature="runScenario(io.cucumber.testng.PickleWrapper,io.cucumber.testng.FeatureWrapper)[pri:0, instance:testrunner.RunnerTests@6dc17b83]" started-at="2023-11-01T23:23:43 IST" name="runScenario" description="Runs Cucumber Scenarios" data-provider="scenarios" finished-at="2023-11-01T23:23:58 IST" duration-ms="15449" status="PASS">
          <params>
            <param index="0">
              <value>
                <![CDATA["Checkout without agree the terms and conditions"]]>
              </value>
            </param>
            <param index="1">
              <value>
                <![CDATA["Validating ShoppingCart"]]>
              </value>
            </param>
          </params>
          <reporter-output>
          </reporter-output>
        </test-method> <!-- runScenario -->
        <test-method signature="runScenario(io.cucumber.testng.PickleWrapper,io.cucumber.testng.FeatureWrapper)[pri:0, instance:testrunner.RunnerTests@6dc17b83]" started-at="2023-11-01T23:23:43 IST" name="runScenario" description="Runs Cucumber Scenarios" data-provider="scenarios" finished-at="2023-11-01T23:23:59 IST" duration-ms="16729" status="PASS">
          <params>
            <param index="0">
              <value>
                <![CDATA["Checkout after agree the terms and conditions"]]>
              </value>
            </param>
            <param index="1">
              <value>
                <![CDATA["Validating ShoppingCart"]]>
              </value>
            </param>
          </params>
          <reporter-output>
          </reporter-output>
        </test-method> <!-- runScenario -->
        <test-method is-config="true" signature="tearDownClass()[pri:0, instance:testrunner.RunnerTests@6dc17b83]" started-at="2023-11-01T23:23:59 IST" name="tearDownClass" finished-at="2023-11-01T23:24:01 IST" duration-ms="1986" status="PASS">
          <reporter-output>
          </reporter-output>
        </test-method> <!-- tearDownClass -->
      </class> <!-- testrunner.RunnerTests -->
    </test> <!-- Surefire test -->
  </suite> <!-- Surefire suite -->
</testng-results>
